{"/root/programing/challenges/Toolbox/frontend/src/components/CustomAlert.jsx": {"path":"/root/programing/challenges/Toolbox/frontend/src/components/CustomAlert.jsx","statementMap":{"0":{"start":{"line":5,"column":26},"end":{"line":5,"column":40}},"1":{"start":{"line":7,"column":2},"end":{"line":13,"column":3}},"2":{"start":{"line":8,"column":4},"end":{"line":12,"column":6}},"3":{"start":{"line":9,"column":46},"end":{"line":9,"column":60}}},"fnMap":{"0":{"name":"CustomAlert","decl":{"start":{"line":4,"column":24},"end":{"line":4,"column":35}},"loc":{"start":{"line":4,"column":57},"end":{"line":14,"column":1}},"line":4},"1":{"name":"(anonymous_1)","decl":{"start":{"line":9,"column":40},"end":{"line":9,"column":41}},"loc":{"start":{"line":9,"column":46},"end":{"line":9,"column":60}},"line":9}},"branchMap":{"0":{"loc":{"start":{"line":7,"column":2},"end":{"line":13,"column":3}},"type":"if","locations":[{"start":{"line":7,"column":2},"end":{"line":13,"column":3}},{"start":{},"end":{}}],"line":7}},"s":{"0":4,"1":4,"2":3,"3":1},"f":{"0":4,"1":1},"b":{"0":[3,1]},"_coverageSchema":"1a1c01bbd47fc00a2c39e90264f33305004495a9","hash":"8e5b0cf35594e63d613020dd6d493af58a93aca3"}
,"/root/programing/challenges/Toolbox/frontend/src/components/Datatable.jsx": {"path":"/root/programing/challenges/Toolbox/frontend/src/components/Datatable.jsx","statementMap":{"0":{"start":{"line":6,"column":19},"end":{"line":6,"column":61}},"1":{"start":{"line":6,"column":40},"end":{"line":6,"column":60}},"2":{"start":{"line":7,"column":2},"end":{"line":9,"column":3}},"3":{"start":{"line":8,"column":4},"end":{"line":8,"column":33}},"4":{"start":{"line":10,"column":2},"end":{"line":12,"column":3}},"5":{"start":{"line":11,"column":4},"end":{"line":11,"column":69}},"6":{"start":{"line":14,"column":2},"end":{"line":37,"column":3}},"7":{"start":{"line":26,"column":12},"end":{"line":34,"column":11}},"8":{"start":{"line":27,"column":14},"end":{"line":32,"column":19}}},"fnMap":{"0":{"name":"Datatable","decl":{"start":{"line":5,"column":24},"end":{"line":5,"column":33}},"loc":{"start":{"line":5,"column":36},"end":{"line":38,"column":1}},"line":5},"1":{"name":"(anonymous_1)","decl":{"start":{"line":6,"column":31},"end":{"line":6,"column":32}},"loc":{"start":{"line":6,"column":40},"end":{"line":6,"column":60}},"line":6},"2":{"name":"(anonymous_2)","decl":{"start":{"line":25,"column":46},"end":{"line":25,"column":47}},"loc":{"start":{"line":26,"column":12},"end":{"line":34,"column":11}},"line":26},"3":{"name":"(anonymous_3)","decl":{"start":{"line":26,"column":27},"end":{"line":26,"column":28}},"loc":{"start":{"line":27,"column":14},"end":{"line":32,"column":19}},"line":27}},"branchMap":{"0":{"loc":{"start":{"line":7,"column":2},"end":{"line":9,"column":3}},"type":"if","locations":[{"start":{"line":7,"column":2},"end":{"line":9,"column":3}},{"start":{},"end":{}}],"line":7},"1":{"loc":{"start":{"line":10,"column":2},"end":{"line":12,"column":3}},"type":"if","locations":[{"start":{"line":10,"column":2},"end":{"line":12,"column":3}},{"start":{},"end":{}}],"line":10},"2":{"loc":{"start":{"line":25,"column":11},"end":{"line":34,"column":13}},"type":"binary-expr","locations":[{"start":{"line":25,"column":11},"end":{"line":25,"column":24}},{"start":{"line":25,"column":28},"end":{"line":34,"column":13}}],"line":25}},"s":{"0":6,"1":6,"2":6,"3":1,"4":5,"5":1,"6":4,"7":4,"8":8},"f":{"0":6,"1":6,"2":4,"3":8},"b":{"0":[1,5],"1":[1,4],"2":[4,4]},"_coverageSchema":"1a1c01bbd47fc00a2c39e90264f33305004495a9","hash":"468982d277563147d1fbfdc057b38847983aeb4b"}
,"/root/programing/challenges/Toolbox/frontend/src/components/SelectFilename.jsx": {"path":"/root/programing/challenges/Toolbox/frontend/src/components/SelectFilename.jsx","statementMap":{"0":{"start":{"line":5,"column":22},"end":{"line":5,"column":65}},"1":{"start":{"line":5,"column":43},"end":{"line":5,"column":64}},"2":{"start":{"line":6,"column":20},"end":{"line":6,"column":61}},"3":{"start":{"line":6,"column":41},"end":{"line":6,"column":60}},"4":{"start":{"line":7,"column":21},"end":{"line":7,"column":34}},"5":{"start":{"line":8,"column":28},"end":{"line":10,"column":5}},"6":{"start":{"line":9,"column":8},"end":{"line":9,"column":47}},"7":{"start":{"line":11,"column":4},"end":{"line":13,"column":5}},"8":{"start":{"line":12,"column":8},"end":{"line":12,"column":37}},"9":{"start":{"line":14,"column":2},"end":{"line":22,"column":3}},"10":{"start":{"line":15,"column":33},"end":{"line":15,"column":51}},"11":{"start":{"line":18,"column":8},"end":{"line":18,"column":61}}},"fnMap":{"0":{"name":"SelectFilename","decl":{"start":{"line":4,"column":24},"end":{"line":4,"column":38}},"loc":{"start":{"line":4,"column":41},"end":{"line":23,"column":1}},"line":4},"1":{"name":"(anonymous_1)","decl":{"start":{"line":5,"column":34},"end":{"line":5,"column":35}},"loc":{"start":{"line":5,"column":43},"end":{"line":5,"column":64}},"line":5},"2":{"name":"(anonymous_2)","decl":{"start":{"line":6,"column":32},"end":{"line":6,"column":33}},"loc":{"start":{"line":6,"column":41},"end":{"line":6,"column":60}},"line":6},"3":{"name":"(anonymous_3)","decl":{"start":{"line":8,"column":28},"end":{"line":8,"column":29}},"loc":{"start":{"line":8,"column":35},"end":{"line":10,"column":5}},"line":8},"4":{"name":"(anonymous_4)","decl":{"start":{"line":15,"column":27},"end":{"line":15,"column":28}},"loc":{"start":{"line":15,"column":32},"end":{"line":15,"column":52}},"line":15},"5":{"name":"(anonymous_5)","decl":{"start":{"line":17,"column":30},"end":{"line":17,"column":31}},"loc":{"start":{"line":18,"column":8},"end":{"line":18,"column":61}},"line":18}},"branchMap":{"0":{"loc":{"start":{"line":11,"column":4},"end":{"line":13,"column":5}},"type":"if","locations":[{"start":{"line":11,"column":4},"end":{"line":13,"column":5}},{"start":{},"end":{}}],"line":11},"1":{"loc":{"start":{"line":17,"column":7},"end":{"line":19,"column":10}},"type":"binary-expr","locations":[{"start":{"line":17,"column":7},"end":{"line":17,"column":14}},{"start":{"line":17,"column":18},"end":{"line":19,"column":10}}],"line":17}},"s":{"0":2,"1":2,"2":2,"3":2,"4":2,"5":2,"6":1,"7":2,"8":0,"9":2,"10":1,"11":6},"f":{"0":2,"1":2,"2":2,"3":1,"4":1,"5":6},"b":{"0":[0,2],"1":[2,2]},"_coverageSchema":"1a1c01bbd47fc00a2c39e90264f33305004495a9","hash":"1c8e6847cfcfa01b5b2af0ea76e180365ae8ae8f"}
,"/root/programing/challenges/Toolbox/frontend/src/features/files/filesSlice.js": {"path":"/root/programing/challenges/Toolbox/frontend/src/features/files/filesSlice.js","statementMap":{"0":{"start":{"line":3,"column":19},"end":{"line":25,"column":2}},"1":{"start":{"line":16,"column":12},"end":{"line":16,"column":44}},"2":{"start":{"line":19,"column":12},"end":{"line":19,"column":45}},"3":{"start":{"line":22,"column":12},"end":{"line":22,"column":43}},"4":{"start":{"line":27,"column":57},"end":{"line":27,"column":75}}},"fnMap":{"0":{"name":"(anonymous_0)","decl":{"start":{"line":15,"column":21},"end":{"line":15,"column":22}},"loc":{"start":{"line":15,"column":40},"end":{"line":17,"column":9}},"line":15},"1":{"name":"(anonymous_1)","decl":{"start":{"line":18,"column":22},"end":{"line":18,"column":23}},"loc":{"start":{"line":18,"column":41},"end":{"line":20,"column":9}},"line":18},"2":{"name":"(anonymous_2)","decl":{"start":{"line":21,"column":20},"end":{"line":21,"column":21}},"loc":{"start":{"line":21,"column":39},"end":{"line":23,"column":9}},"line":21}},"branchMap":{},"s":{"0":2,"1":1,"2":1,"3":1,"4":2},"f":{"0":1,"1":1,"2":1},"b":{},"_coverageSchema":"1a1c01bbd47fc00a2c39e90264f33305004495a9","hash":"6b557fc3af3adfd242c7177ffa2b20b360e074df"}
}
