TN:
SF:src/components/CustomAlert.jsx
FN:4,CustomAlert
FN:9,(anonymous_1)
FNF:2
FNH:2
FNDA:4,CustomAlert
FNDA:1,(anonymous_1)
DA:5,4
DA:7,4
DA:8,3
DA:9,1
LF:4
LH:4
BRDA:7,0,0,3
BRDA:7,0,1,1
BRF:2
BRH:2
end_of_record
TN:
SF:src/components/Datatable.jsx
FN:5,Datatable
FN:6,(anonymous_1)
FN:25,(anonymous_2)
FN:26,(anonymous_3)
FNF:4
FNH:4
FNDA:6,Datatable
FNDA:6,(anonymous_1)
FNDA:4,(anonymous_2)
FNDA:8,(anonymous_3)
DA:6,6
DA:7,6
DA:8,1
DA:10,5
DA:11,1
DA:14,4
DA:26,4
DA:27,8
LF:8
LH:8
BRDA:7,0,0,1
BRDA:7,0,1,5
BRDA:10,1,0,1
BRDA:10,1,1,4
BRDA:25,2,0,4
BRDA:25,2,1,4
BRF:6
BRH:6
end_of_record
TN:
SF:src/components/SelectFilename.jsx
FN:4,SelectFilename
FN:5,(anonymous_1)
FN:6,(anonymous_2)
FN:8,(anonymous_3)
FN:15,(anonymous_4)
FN:17,(anonymous_5)
FNF:6
FNH:6
FNDA:2,SelectFilename
FNDA:2,(anonymous_1)
FNDA:2,(anonymous_2)
FNDA:1,(anonymous_3)
FNDA:1,(anonymous_4)
FNDA:6,(anonymous_5)
DA:5,2
DA:6,2
DA:7,2
DA:8,2
DA:9,1
DA:11,2
DA:12,0
DA:14,2
DA:15,1
DA:18,6
LF:10
LH:9
BRDA:11,0,0,0
BRDA:11,0,1,2
BRDA:17,1,0,2
BRDA:17,1,1,2
BRF:4
BRH:3
end_of_record
TN:
SF:src/features/files/filesSlice.js
FN:15,(anonymous_0)
FN:18,(anonymous_1)
FN:21,(anonymous_2)
FNF:3
FNH:3
FNDA:1,(anonymous_0)
FNDA:1,(anonymous_1)
FNDA:1,(anonymous_2)
DA:3,2
DA:16,1
DA:19,1
DA:22,1
DA:27,2
LF:5
LH:5
BRF:0
BRH:0
end_of_record
